{"C:\\Users\\josh.smith\\aibu4\\amibeingunreasonable-app\\app\\api\\judge\\route.ts": {"path":"C:\\Users\\josh.smith\\aibu4\\amibeingunreasonable-app\\app\\api\\judge\\route.ts","statementMap":{"0":{"start":{"line":173,"column":22},"end":{"line":173,"column":27}},"1":{"start":{"line":1,"column":29},"end":{"line":1,"column":null}},"2":{"start":{"line":2,"column":86},"end":{"line":2,"column":null}},"3":{"start":{"line":4,"column":33},"end":{"line":4,"column":null}},"4":{"start":{"line":5,"column":31},"end":{"line":5,"column":null}},"5":{"start":{"line":6,"column":29},"end":{"line":6,"column":null}},"6":{"start":{"line":7,"column":50},"end":{"line":7,"column":null}},"7":{"start":{"line":8,"column":33},"end":{"line":8,"column":null}},"8":{"start":{"line":11,"column":15},"end":{"line":11,"column":71}},"9":{"start":{"line":12,"column":0},"end":{"line":14,"column":null}},"10":{"start":{"line":13,"column":2},"end":{"line":13,"column":null}},"11":{"start":{"line":15,"column":14},"end":{"line":15,"column":null}},"12":{"start":{"line":19,"column":35},"end":{"line":30,"column":1}},"13":{"start":{"line":44,"column":21},"end":{"line":44,"column":null}},"14":{"start":{"line":45,"column":77},"end":{"line":45,"column":null}},"15":{"start":{"line":47,"column":4},"end":{"line":162,"column":null}},"16":{"start":{"line":48,"column":8},"end":{"line":161,"column":null}},"17":{"start":{"line":49,"column":12},"end":{"line":49,"column":null}},"18":{"start":{"line":50,"column":27},"end":{"line":50,"column":null}},"19":{"start":{"line":51,"column":29},"end":{"line":51,"column":50}},"20":{"start":{"line":53,"column":12},"end":{"line":58,"column":null}},"21":{"start":{"line":54,"column":16},"end":{"line":54,"column":null}},"22":{"start":{"line":55,"column":16},"end":{"line":55,"column":null}},"23":{"start":{"line":56,"column":16},"end":{"line":56,"column":null}},"24":{"start":{"line":57,"column":16},"end":{"line":57,"column":26}},"25":{"start":{"line":60,"column":28},"end":{"line":60,"column":null}},"26":{"start":{"line":61,"column":12},"end":{"line":61,"column":null}},"27":{"start":{"line":65,"column":12},"end":{"line":73,"column":null}},"28":{"start":{"line":66,"column":16},"end":{"line":66,"column":null}},"29":{"start":{"line":68,"column":16},"end":{"line":68,"column":null}},"30":{"start":{"line":69,"column":16},"end":{"line":69,"column":null}},"31":{"start":{"line":70,"column":16},"end":{"line":70,"column":null}},"32":{"start":{"line":71,"column":16},"end":{"line":71,"column":null}},"33":{"start":{"line":72,"column":16},"end":{"line":72,"column":26}},"34":{"start":{"line":76,"column":37},"end":{"line":76,"column":null}},"35":{"start":{"line":78,"column":12},"end":{"line":93,"column":null}},"36":{"start":{"line":79,"column":16},"end":{"line":79,"column":null}},"37":{"start":{"line":81,"column":16},"end":{"line":81,"column":null}},"38":{"start":{"line":82,"column":16},"end":{"line":90,"column":null}},"39":{"start":{"line":91,"column":16},"end":{"line":91,"column":null}},"40":{"start":{"line":92,"column":16},"end":{"line":92,"column":26}},"41":{"start":{"line":96,"column":34},"end":{"line":96,"column":55}},"42":{"start":{"line":97,"column":12},"end":{"line":125,"column":null}},"43":{"start":{"line":98,"column":36},"end":{"line":98,"column":120}},"44":{"start":{"line":98,"column":96},"end":{"line":98,"column":107}},"45":{"start":{"line":100,"column":38},"end":{"line":100,"column":119}},"46":{"start":{"line":100,"column":84},"end":{"line":100,"column":117}},"47":{"start":{"line":102,"column":41},"end":{"line":102,"column":null}},"48":{"start":{"line":102,"column":69},"end":{"line":102,"column":null}},"49":{"start":{"line":104,"column":16},"end":{"line":121,"column":null}},"50":{"start":{"line":105,"column":20},"end":{"line":105,"column":null}},"51":{"start":{"line":106,"column":20},"end":{"line":110,"column":null}},"52":{"start":{"line":112,"column":20},"end":{"line":120,"column":null}},"53":{"start":{"line":113,"column":25},"end":{"line":113,"column":null}},"54":{"start":{"line":114,"column":25},"end":{"line":114,"column":null}},"55":{"start":{"line":115,"column":25},"end":{"line":115,"column":35}},"56":{"start":{"line":118,"column":25},"end":{"line":118,"column":null}},"57":{"start":{"line":119,"column":25},"end":{"line":119,"column":null}},"58":{"start":{"line":122,"column":17},"end":{"line":122,"column":null}},"59":{"start":{"line":124,"column":17},"end":{"line":124,"column":null}},"60":{"start":{"line":129,"column":12},"end":{"line":129,"column":null}},"61":{"start":{"line":130,"column":12},"end":{"line":130,"column":59}},"62":{"start":{"line":133,"column":12},"end":{"line":133,"column":null}},"63":{"start":{"line":134,"column":31},"end":{"line":134,"column":null}},"64":{"start":{"line":135,"column":29},"end":{"line":135,"column":null}},"65":{"start":{"line":136,"column":32},"end":{"line":136,"column":null}},"66":{"start":{"line":138,"column":12},"end":{"line":153,"column":null}},"67":{"start":{"line":139,"column":16},"end":{"line":139,"column":null}},"68":{"start":{"line":140,"column":16},"end":{"line":140,"column":34}},"69":{"start":{"line":141,"column":19},"end":{"line":153,"column":null}},"70":{"start":{"line":142,"column":17},"end":{"line":152,"column":null}},"71":{"start":{"line":143,"column":20},"end":{"line":143,"column":null}},"72":{"start":{"line":144,"column":20},"end":{"line":144,"column":null}},"73":{"start":{"line":145,"column":23},"end":{"line":152,"column":null}},"74":{"start":{"line":146,"column":20},"end":{"line":146,"column":null}},"75":{"start":{"line":147,"column":20},"end":{"line":147,"column":null}},"76":{"start":{"line":150,"column":20},"end":{"line":150,"column":null}},"77":{"start":{"line":151,"column":20},"end":{"line":151,"column":null}},"78":{"start":{"line":155,"column":13},"end":{"line":157,"column":null}},"79":{"start":{"line":156,"column":17},"end":{"line":156,"column":null}},"80":{"start":{"line":159,"column":13},"end":{"line":159,"column":null}},"81":{"start":{"line":160,"column":13},"end":{"line":160,"column":null}},"82":{"start":{"line":165,"column":4},"end":{"line":165,"column":null}},"83":{"start":{"line":167,"column":23},"end":{"line":167,"column":null}},"84":{"start":{"line":168,"column":4},"end":{"line":168,"column":null}},"85":{"start":{"line":174,"column":2},"end":{"line":176,"column":null}},"86":{"start":{"line":175,"column":4},"end":{"line":175,"column":null}},"87":{"start":{"line":179,"column":2},"end":{"line":184,"column":null}},"88":{"start":{"line":180,"column":4},"end":{"line":180,"column":null}},"89":{"start":{"line":182,"column":4},"end":{"line":182,"column":null}},"90":{"start":{"line":183,"column":4},"end":{"line":183,"column":null}},"91":{"start":{"line":186,"column":29},"end":{"line":186,"column":null}},"92":{"start":{"line":189,"column":2},"end":{"line":192,"column":null}},"93":{"start":{"line":190,"column":4},"end":{"line":190,"column":null}},"94":{"start":{"line":191,"column":4},"end":{"line":191,"column":null}},"95":{"start":{"line":193,"column":2},"end":{"line":196,"column":null}},"96":{"start":{"line":194,"column":4},"end":{"line":194,"column":null}},"97":{"start":{"line":195,"column":4},"end":{"line":195,"column":null}},"98":{"start":{"line":199,"column":51},"end":{"line":203,"column":null}},"99":{"start":{"line":204,"column":31},"end":{"line":204,"column":null}},"100":{"start":{"line":205,"column":23},"end":{"line":205,"column":null}},"101":{"start":{"line":206,"column":21},"end":{"line":206,"column":42}},"102":{"start":{"line":207,"column":23},"end":{"line":207,"column":54}},"103":{"start":{"line":209,"column":2},"end":{"line":214,"column":null}},"104":{"start":{"line":210,"column":4},"end":{"line":213,"column":null}},"105":{"start":{"line":210,"column":33},"end":{"line":210,"column":66}},"106":{"start":{"line":211,"column":6},"end":{"line":211,"column":null}},"107":{"start":{"line":212,"column":6},"end":{"line":212,"column":null}},"108":{"start":{"line":215,"column":2},"end":{"line":215,"column":null}},"109":{"start":{"line":217,"column":27},"end":{"line":217,"column":29}},"110":{"start":{"line":218,"column":2},"end":{"line":226,"column":null}},"111":{"start":{"line":219,"column":4},"end":{"line":225,"column":null}},"112":{"start":{"line":220,"column":6},"end":{"line":220,"column":null}},"113":{"start":{"line":221,"column":7},"end":{"line":221,"column":null}},"114":{"start":{"line":223,"column":7},"end":{"line":223,"column":null}},"115":{"start":{"line":229,"column":25},"end":{"line":234,"column":null}},"116":{"start":{"line":235,"column":27},"end":{"line":240,"column":null}},"117":{"start":{"line":241,"column":16},"end":{"line":245,"column":null}},"118":{"start":{"line":250,"column":30},"end":{"line":252,"column":null}},"119":{"start":{"line":251,"column":14},"end":{"line":251,"column":145}},"120":{"start":{"line":255,"column":24},"end":{"line":255,"column":null}},"121":{"start":{"line":256,"column":2},"end":{"line":262,"column":null}},"122":{"start":{"line":257,"column":4},"end":{"line":257,"column":null}},"123":{"start":{"line":258,"column":4},"end":{"line":260,"column":null}},"124":{"start":{"line":259,"column":6},"end":{"line":259,"column":null}},"125":{"start":{"line":261,"column":4},"end":{"line":261,"column":null}},"126":{"start":{"line":265,"column":21},"end":{"line":303,"column":1}},"127":{"start":{"line":307,"column":17},"end":{"line":307,"column":null}},"128":{"start":{"line":310,"column":2},"end":{"line":317,"column":null}},"129":{"start":{"line":312,"column":4},"end":{"line":312,"column":null}},"130":{"start":{"line":316,"column":4},"end":{"line":316,"column":null}}},"fnMap":{"0":{"name":"(anonymous_2)","decl":{"start":{"line":98,"column":91},"end":{"line":98,"column":96}},"loc":{"start":{"line":98,"column":96},"end":{"line":98,"column":107}}},"1":{"name":"(anonymous_3)","decl":{"start":{"line":100,"column":75},"end":{"line":100,"column":84}},"loc":{"start":{"line":100,"column":84},"end":{"line":100,"column":117}}},"2":{"name":"(anonymous_4)","decl":{"start":{"line":102,"column":62},"end":{"line":102,"column":69}},"loc":{"start":{"line":102,"column":69},"end":{"line":102,"column":null}}},"3":{"name":"POST","decl":{"start":{"line":173,"column":22},"end":{"line":173,"column":27}},"loc":{"start":{"line":173,"column":43},"end":{"line":318,"column":null}}},"4":{"name":"(anonymous_6)","decl":{"start":{"line":210,"column":22},"end":{"line":210,"column":33}},"loc":{"start":{"line":210,"column":33},"end":{"line":210,"column":66}}},"5":{"name":"(anonymous_7)","decl":{"start":{"line":251,"column":9},"end":{"line":251,"column":14}},"loc":{"start":{"line":251,"column":14},"end":{"line":251,"column":145}}},"6":{"name":"(anonymous_8)","decl":{"start":{"line":258,"column":21},"end":{"line":258,"column":22}},"loc":{"start":{"line":258,"column":31},"end":{"line":260,"column":null}}}},"branchMap":{"0":{"loc":{"start":{"line":11,"column":15},"end":{"line":11,"column":71}},"type":"binary-expr","locations":[{"start":{"line":11,"column":15},"end":{"line":11,"column":41}},{"start":{"line":11,"column":45},"end":{"line":11,"column":71}}]},"1":{"loc":{"start":{"line":12,"column":0},"end":{"line":14,"column":null}},"type":"if","locations":[{"start":{"line":12,"column":0},"end":{"line":14,"column":null}}]},"2":{"loc":{"start":{"line":15,"column":14},"end":{"line":15,"column":null}},"type":"cond-expr","locations":[{"start":{"line":15,"column":23},"end":{"line":15,"column":56}},{"start":{"line":15,"column":56},"end":{"line":15,"column":null}}]},"3":{"loc":{"start":{"line":53,"column":12},"end":{"line":58,"column":null}},"type":"if","locations":[{"start":{"line":53,"column":12},"end":{"line":58,"column":null}}]},"4":{"loc":{"start":{"line":53,"column":16},"end":{"line":53,"column":43}},"type":"binary-expr","locations":[{"start":{"line":53,"column":16},"end":{"line":53,"column":29}},{"start":{"line":53,"column":29},"end":{"line":53,"column":43}}]},"5":{"loc":{"start":{"line":78,"column":12},"end":{"line":93,"column":null}},"type":"if","locations":[{"start":{"line":78,"column":12},"end":{"line":93,"column":null}}]},"6":{"loc":{"start":{"line":97,"column":12},"end":{"line":125,"column":null}},"type":"if","locations":[{"start":{"line":97,"column":12},"end":{"line":125,"column":null}},{"start":{"line":123,"column":19},"end":{"line":125,"column":null}}]},"7":{"loc":{"start":{"line":100,"column":38},"end":{"line":100,"column":119}},"type":"binary-expr","locations":[{"start":{"line":100,"column":38},"end":{"line":100,"column":117}},{"start":{"line":100,"column":117},"end":{"line":100,"column":119}}]},"8":{"loc":{"start":{"line":102,"column":69},"end":{"line":102,"column":null}},"type":"binary-expr","locations":[{"start":{"line":102,"column":69},"end":{"line":102,"column":81}},{"start":{"line":102,"column":81},"end":{"line":102,"column":null}}]},"9":{"loc":{"start":{"line":104,"column":16},"end":{"line":121,"column":null}},"type":"if","locations":[{"start":{"line":104,"column":16},"end":{"line":121,"column":null}}]},"10":{"loc":{"start":{"line":112,"column":20},"end":{"line":120,"column":null}},"type":"if","locations":[{"start":{"line":112,"column":20},"end":{"line":120,"column":null}},{"start":{"line":116,"column":27},"end":{"line":120,"column":null}}]},"11":{"loc":{"start":{"line":122,"column":107},"end":{"line":122,"column":142}},"type":"binary-expr","locations":[{"start":{"line":122,"column":107},"end":{"line":122,"column":135}},{"start":{"line":122,"column":135},"end":{"line":122,"column":142}}]},"12":{"loc":{"start":{"line":138,"column":12},"end":{"line":153,"column":null}},"type":"if","locations":[{"start":{"line":138,"column":12},"end":{"line":153,"column":null}},{"start":{"line":141,"column":19},"end":{"line":153,"column":null}}]},"13":{"loc":{"start":{"line":141,"column":19},"end":{"line":153,"column":null}},"type":"if","locations":[{"start":{"line":141,"column":19},"end":{"line":153,"column":null}}]},"14":{"loc":{"start":{"line":142,"column":17},"end":{"line":152,"column":null}},"type":"if","locations":[{"start":{"line":142,"column":17},"end":{"line":152,"column":null}},{"start":{"line":145,"column":23},"end":{"line":152,"column":null}}]},"15":{"loc":{"start":{"line":145,"column":23},"end":{"line":152,"column":null}},"type":"if","locations":[{"start":{"line":145,"column":23},"end":{"line":152,"column":null}},{"start":{"line":148,"column":23},"end":{"line":152,"column":null}}]},"16":{"loc":{"start":{"line":155,"column":13},"end":{"line":157,"column":null}},"type":"if","locations":[{"start":{"line":155,"column":13},"end":{"line":157,"column":null}}]},"17":{"loc":{"start":{"line":155,"column":17},"end":{"line":155,"column":59}},"type":"binary-expr","locations":[{"start":{"line":155,"column":17},"end":{"line":155,"column":39}},{"start":{"line":155,"column":39},"end":{"line":155,"column":59}}]},"18":{"loc":{"start":{"line":167,"column":23},"end":{"line":167,"column":null}},"type":"binary-expr","locations":[{"start":{"line":167,"column":23},"end":{"line":167,"column":36}},{"start":{"line":167,"column":36},"end":{"line":167,"column":null}}]},"19":{"loc":{"start":{"line":174,"column":2},"end":{"line":176,"column":null}},"type":"if","locations":[{"start":{"line":174,"column":2},"end":{"line":176,"column":null}}]},"20":{"loc":{"start":{"line":189,"column":2},"end":{"line":192,"column":null}},"type":"if","locations":[{"start":{"line":189,"column":2},"end":{"line":192,"column":null}}]},"21":{"loc":{"start":{"line":189,"column":6},"end":{"line":189,"column":77}},"type":"binary-expr","locations":[{"start":{"line":189,"column":6},"end":{"line":189,"column":18}},{"start":{"line":189,"column":18},"end":{"line":189,"column":49}},{"start":{"line":189,"column":49},"end":{"line":189,"column":77}}]},"22":{"loc":{"start":{"line":193,"column":2},"end":{"line":196,"column":null}},"type":"if","locations":[{"start":{"line":193,"column":2},"end":{"line":196,"column":null}}]},"23":{"loc":{"start":{"line":193,"column":6},"end":{"line":193,"column":70}},"type":"binary-expr","locations":[{"start":{"line":193,"column":6},"end":{"line":193,"column":16}},{"start":{"line":193,"column":16},"end":{"line":193,"column":45}},{"start":{"line":193,"column":45},"end":{"line":193,"column":70}}]},"24":{"loc":{"start":{"line":210,"column":4},"end":{"line":213,"column":null}},"type":"if","locations":[{"start":{"line":210,"column":4},"end":{"line":213,"column":null}}]},"25":{"loc":{"start":{"line":218,"column":2},"end":{"line":226,"column":null}},"type":"if","locations":[{"start":{"line":218,"column":2},"end":{"line":226,"column":null}}]},"26":{"loc":{"start":{"line":256,"column":2},"end":{"line":262,"column":null}},"type":"if","locations":[{"start":{"line":256,"column":2},"end":{"line":262,"column":null}}]},"27":{"loc":{"start":{"line":310,"column":2},"end":{"line":317,"column":null}},"type":"if","locations":[{"start":{"line":310,"column":2},"end":{"line":317,"column":null}},{"start":{"line":313,"column":9},"end":{"line":317,"column":null}}]}},"s":{"0":0,"1":0,"2":0,"3":0,"4":0,"5":0,"6":0,"7":0,"8":0,"9":0,"10":0,"11":0,"12":0,"13":0,"14":0,"15":0,"16":0,"17":0,"18":0,"19":0,"20":0,"21":0,"22":0,"23":0,"24":0,"25":0,"26":0,"27":0,"28":0,"29":0,"30":0,"31":0,"32":0,"33":0,"34":0,"35":0,"36":0,"37":0,"38":0,"39":0,"40":0,"41":0,"42":0,"43":0,"44":0,"45":0,"46":0,"47":0,"48":0,"49":0,"50":0,"51":0,"52":0,"53":0,"54":0,"55":0,"56":0,"57":0,"58":0,"59":0,"60":0,"61":0,"62":0,"63":0,"64":0,"65":0,"66":0,"67":0,"68":0,"69":0,"70":0,"71":0,"72":0,"73":0,"74":0,"75":0,"76":0,"77":0,"78":0,"79":0,"80":0,"81":0,"82":0,"83":0,"84":0,"85":0,"86":0,"87":0,"88":0,"89":0,"90":0,"91":0,"92":0,"93":0,"94":0,"95":0,"96":0,"97":0,"98":0,"99":0,"100":0,"101":0,"102":0,"103":0,"104":0,"105":0,"106":0,"107":0,"108":0,"109":0,"110":0,"111":0,"112":0,"113":0,"114":0,"115":0,"116":0,"117":0,"118":0,"119":0,"120":0,"121":0,"122":0,"123":0,"124":0,"125":0,"126":0,"127":0,"128":0,"129":0,"130":0},"f":{"0":0,"1":0,"2":0,"3":0,"4":0,"5":0,"6":0},"b":{"0":[0,0],"1":[0],"2":[0,0],"3":[0],"4":[0,0],"5":[0],"6":[0,0],"7":[0,0],"8":[0,0],"9":[0],"10":[0,0],"11":[0,0],"12":[0,0],"13":[0],"14":[0,0],"15":[0,0],"16":[0],"17":[0,0],"18":[0,0],"19":[0],"20":[0],"21":[0,0,0],"22":[0],"23":[0,0,0],"24":[0],"25":[0],"26":[0],"27":[0,0]}}
,"C:\\Users\\josh.smith\\aibu4\\amibeingunreasonable-app\\lib\\retrieveSnippets.ts": {"path":"C:\\Users\\josh.smith\\aibu4\\amibeingunreasonable-app\\lib\\retrieveSnippets.ts","statementMap":{"0":{"start":{"line":74,"column":22},"end":{"line":74,"column":39}},"1":{"start":{"line":1,"column":22},"end":{"line":1,"column":null}},"2":{"start":{"line":4,"column":42},"end":{"line":17,"column":null}},"3":{"start":{"line":21,"column":26},"end":{"line":21,"column":null}},"4":{"start":{"line":22,"column":0},"end":{"line":28,"column":null}},"5":{"start":{"line":23,"column":4},"end":{"line":23,"column":null}},"6":{"start":{"line":24,"column":4},"end":{"line":24,"column":null}},"7":{"start":{"line":26,"column":4},"end":{"line":26,"column":null}},"8":{"start":{"line":37,"column":4},"end":{"line":37,"column":null}},"9":{"start":{"line":37,"column":15},"end":{"line":37,"column":null}},"10":{"start":{"line":38,"column":4},"end":{"line":38,"column":null}},"11":{"start":{"line":47,"column":4},"end":{"line":47,"column":null}},"12":{"start":{"line":47,"column":15},"end":{"line":47,"column":null}},"13":{"start":{"line":49,"column":18},"end":{"line":49,"column":53}},"14":{"start":{"line":50,"column":4},"end":{"line":50,"column":36}},"15":{"start":{"line":60,"column":4},"end":{"line":60,"column":null}},"16":{"start":{"line":60,"column":15},"end":{"line":60,"column":null}},"17":{"start":{"line":61,"column":18},"end":{"line":61,"column":null}},"18":{"start":{"line":62,"column":4},"end":{"line":64,"column":null}},"19":{"start":{"line":63,"column":8},"end":{"line":63,"column":null}},"20":{"start":{"line":65,"column":4},"end":{"line":65,"column":null}},"21":{"start":{"line":75,"column":4},"end":{"line":78,"column":null}},"22":{"start":{"line":76,"column":8},"end":{"line":76,"column":null}},"23":{"start":{"line":77,"column":8},"end":{"line":77,"column":null}},"24":{"start":{"line":79,"column":4},"end":{"line":82,"column":null}},"25":{"start":{"line":80,"column":8},"end":{"line":80,"column":null}},"26":{"start":{"line":81,"column":8},"end":{"line":81,"column":null}},"27":{"start":{"line":84,"column":17},"end":{"line":84,"column":46}},"28":{"start":{"line":85,"column":31},"end":{"line":85,"column":33}},"29":{"start":{"line":86,"column":21},"end":{"line":86,"column":28}},"30":{"start":{"line":88,"column":4},"end":{"line":141,"column":null}},"31":{"start":{"line":89,"column":25},"end":{"line":89,"column":51}},"32":{"start":{"line":90,"column":37},"end":{"line":90,"column":null}},"33":{"start":{"line":92,"column":8},"end":{"line":140,"column":null}},"34":{"start":{"line":94,"column":12},"end":{"line":94,"column":null}},"35":{"start":{"line":95,"column":12},"end":{"line":99,"column":null}},"36":{"start":{"line":96,"column":16},"end":{"line":96,"column":null}},"37":{"start":{"line":97,"column":16},"end":{"line":97,"column":null}},"38":{"start":{"line":98,"column":16},"end":{"line":98,"column":26}},"39":{"start":{"line":101,"column":12},"end":{"line":101,"column":null}},"40":{"start":{"line":104,"column":29},"end":{"line":106,"column":null}},"41":{"start":{"line":108,"column":12},"end":{"line":112,"column":null}},"42":{"start":{"line":109,"column":16},"end":{"line":109,"column":null}},"43":{"start":{"line":111,"column":16},"end":{"line":111,"column":null}},"44":{"start":{"line":114,"column":25},"end":{"line":114,"column":null}},"45":{"start":{"line":117,"column":39},"end":{"line":117,"column":null}},"46":{"start":{"line":118,"column":12},"end":{"line":123,"column":null}},"47":{"start":{"line":119,"column":16},"end":{"line":119,"column":null}},"48":{"start":{"line":122,"column":16},"end":{"line":122,"column":null}},"49":{"start":{"line":125,"column":32},"end":{"line":125,"column":91}},"50":{"start":{"line":126,"column":12},"end":{"line":126,"column":null}},"51":{"start":{"line":128,"column":12},"end":{"line":135,"column":null}},"52":{"start":{"line":129,"column":17},"end":{"line":129,"column":null}},"53":{"start":{"line":131,"column":16},"end":{"line":131,"column":null}},"54":{"start":{"line":132,"column":16},"end":{"line":132,"column":null}},"55":{"start":{"line":134,"column":17},"end":{"line":134,"column":null}},"56":{"start":{"line":138,"column":12},"end":{"line":138,"column":null}},"57":{"start":{"line":143,"column":4},"end":{"line":143,"column":null}},"58":{"start":{"line":144,"column":4},"end":{"line":144,"column":null}}},"fnMap":{"0":{"name":"stripHtml","decl":{"start":{"line":36,"column":9},"end":{"line":36,"column":19}},"loc":{"start":{"line":36,"column":31},"end":{"line":39,"column":null}}},"1":{"name":"extractFirstParagraph","decl":{"start":{"line":46,"column":9},"end":{"line":46,"column":31}},"loc":{"start":{"line":46,"column":43},"end":{"line":51,"column":null}}},"2":{"name":"truncateWords","decl":{"start":{"line":59,"column":9},"end":{"line":59,"column":23}},"loc":{"start":{"line":59,"column":53},"end":{"line":66,"column":null}}},"3":{"name":"retrieveSnippets","decl":{"start":{"line":74,"column":22},"end":{"line":74,"column":39}},"loc":{"start":{"line":74,"column":53},"end":{"line":145,"column":null}}}},"branchMap":{"0":{"loc":{"start":{"line":37,"column":4},"end":{"line":37,"column":null}},"type":"if","locations":[{"start":{"line":37,"column":4},"end":{"line":37,"column":null}}]},"1":{"loc":{"start":{"line":47,"column":4},"end":{"line":47,"column":null}},"type":"if","locations":[{"start":{"line":47,"column":4},"end":{"line":47,"column":null}}]},"2":{"loc":{"start":{"line":50,"column":11},"end":{"line":50,"column":36}},"type":"cond-expr","locations":[{"start":{"line":50,"column":19},"end":{"line":50,"column":27}},{"start":{"line":50,"column":30},"end":{"line":50,"column":36}}]},"3":{"loc":{"start":{"line":60,"column":4},"end":{"line":60,"column":null}},"type":"if","locations":[{"start":{"line":60,"column":4},"end":{"line":60,"column":null}}]},"4":{"loc":{"start":{"line":62,"column":4},"end":{"line":64,"column":null}},"type":"if","locations":[{"start":{"line":62,"column":4},"end":{"line":64,"column":null}}]},"5":{"loc":{"start":{"line":75,"column":4},"end":{"line":78,"column":null}},"type":"if","locations":[{"start":{"line":75,"column":4},"end":{"line":78,"column":null}}]},"6":{"loc":{"start":{"line":79,"column":4},"end":{"line":82,"column":null}},"type":"if","locations":[{"start":{"line":79,"column":4},"end":{"line":82,"column":null}}]},"7":{"loc":{"start":{"line":79,"column":8},"end":{"line":79,"column":35}},"type":"binary-expr","locations":[{"start":{"line":79,"column":8},"end":{"line":79,"column":19}},{"start":{"line":79,"column":19},"end":{"line":79,"column":35}}]},"8":{"loc":{"start":{"line":95,"column":12},"end":{"line":99,"column":null}},"type":"if","locations":[{"start":{"line":95,"column":12},"end":{"line":99,"column":null}}]},"9":{"loc":{"start":{"line":108,"column":12},"end":{"line":112,"column":null}},"type":"if","locations":[{"start":{"line":108,"column":12},"end":{"line":112,"column":null}}]},"10":{"loc":{"start":{"line":118,"column":12},"end":{"line":123,"column":null}},"type":"if","locations":[{"start":{"line":118,"column":12},"end":{"line":123,"column":null}}]},"11":{"loc":{"start":{"line":128,"column":12},"end":{"line":135,"column":null}},"type":"if","locations":[{"start":{"line":128,"column":12},"end":{"line":135,"column":null}},{"start":{"line":133,"column":19},"end":{"line":135,"column":null}}]},"12":{"loc":{"start":{"line":138,"column":76},"end":{"line":138,"column":null}},"type":"binary-expr","locations":[{"start":{"line":138,"column":76},"end":{"line":138,"column":89}},{"start":{"line":138,"column":93},"end":{"line":138,"column":null}}]}},"s":{"0":0,"1":0,"2":0,"3":0,"4":0,"5":0,"6":0,"7":0,"8":0,"9":0,"10":0,"11":0,"12":0,"13":0,"14":0,"15":0,"16":0,"17":0,"18":0,"19":0,"20":0,"21":0,"22":0,"23":0,"24":0,"25":0,"26":0,"27":0,"28":0,"29":0,"30":0,"31":0,"32":0,"33":0,"34":0,"35":0,"36":0,"37":0,"38":0,"39":0,"40":0,"41":0,"42":0,"43":0,"44":0,"45":0,"46":0,"47":0,"48":0,"49":0,"50":0,"51":0,"52":0,"53":0,"54":0,"55":0,"56":0,"57":0,"58":0},"f":{"0":0,"1":0,"2":0,"3":0},"b":{"0":[0],"1":[0],"2":[0,0],"3":[0],"4":[0],"5":[0],"6":[0],"7":[0,0],"8":[0],"9":[0],"10":[0],"11":[0,0],"12":[0,0]}}
,"C:\\Users\\josh.smith\\aibu4\\amibeingunreasonable-app\\lib\\validateJudge.ts": {"path":"C:\\Users\\josh.smith\\aibu4\\amibeingunreasonable-app\\lib\\validateJudge.ts","statementMap":{"0":{"start":{"line":21,"column":13},"end":{"line":21,"column":27}},"1":{"start":{"line":1,"column":18},"end":{"line":1,"column":null}},"2":{"start":{"line":4,"column":22},"end":{"line":18,"column":null}},"3":{"start":{"line":21,"column":27},"end":{"line":38,"column":null}},"4":{"start":{"line":33,"column":22},"end":{"line":33,"column":null}},"5":{"start":{"line":33,"column":40},"end":{"line":33,"column":46}},"6":{"start":{"line":34,"column":8},"end":{"line":34,"column":null}}},"fnMap":{"0":{"name":"(anonymous_1)","decl":{"start":{"line":31,"column":6},"end":{"line":31,"column":7}},"loc":{"start":{"line":31,"column":7},"end":{"line":35,"column":null}}},"1":{"name":"(anonymous_2)","decl":{"start":{"line":33,"column":35},"end":{"line":33,"column":40}},"loc":{"start":{"line":33,"column":40},"end":{"line":33,"column":46}}}},"branchMap":{"0":{"loc":{"start":{"line":34,"column":15},"end":{"line":34,"column":null}},"type":"binary-expr","locations":[{"start":{"line":34,"column":15},"end":{"line":34,"column":43}},{"start":{"line":34,"column":43},"end":{"line":34,"column":69}},{"start":{"line":34,"column":69},"end":{"line":34,"column":null}}]}},"s":{"0":0,"1":0,"2":0,"3":0,"4":0,"5":0,"6":0},"f":{"0":0,"1":0},"b":{"0":[0,0,0]}}
}
