{"C:\\Users\\desbo\\latestaibu\\amibeingunreasonable-app\\app\\api\\judge\\route.ts": {"path":"C:\\Users\\desbo\\latestaibu\\amibeingunreasonable-app\\app\\api\\judge\\route.ts","statementMap":{"0":{"start":{"line":170,"column":22},"end":{"line":170,"column":26}},"1":{"start":{"line":2,"column":13},"end":{"line":2,"column":24}},"2":{"start":{"line":1,"column":29},"end":{"line":1,"column":null}},"3":{"start":{"line":5,"column":33},"end":{"line":5,"column":null}},"4":{"start":{"line":6,"column":31},"end":{"line":6,"column":null}},"5":{"start":{"line":7,"column":29},"end":{"line":7,"column":null}},"6":{"start":{"line":8,"column":60},"end":{"line":8,"column":null}},"7":{"start":{"line":9,"column":42},"end":{"line":9,"column":null}},"8":{"start":{"line":11,"column":52},"end":{"line":11,"column":null}},"9":{"start":{"line":13,"column":22},"end":{"line":13,"column":null}},"10":{"start":{"line":14,"column":23},"end":{"line":14,"column":null}},"11":{"start":{"line":2,"column":27},"end":{"line":2,"column":31}},"12":{"start":{"line":17,"column":14},"end":{"line":20,"column":null}},"13":{"start":{"line":25,"column":26},"end":{"line":25,"column":null}},"14":{"start":{"line":26,"column":24},"end":{"line":26,"column":46}},"15":{"start":{"line":27,"column":22},"end":{"line":27,"column":25}},"16":{"start":{"line":30,"column":35},"end":{"line":41,"column":1}},"17":{"start":{"line":52,"column":21},"end":{"line":52,"column":null}},"18":{"start":{"line":53,"column":77},"end":{"line":53,"column":null}},"19":{"start":{"line":55,"column":51},"end":{"line":58,"column":null}},"20":{"start":{"line":60,"column":4},"end":{"line":160,"column":6}},"21":{"start":{"line":61,"column":8},"end":{"line":159,"column":null}},"22":{"start":{"line":62,"column":12},"end":{"line":62,"column":null}},"23":{"start":{"line":72,"column":12},"end":{"line":77,"column":null}},"24":{"start":{"line":73,"column":16},"end":{"line":73,"column":null}},"25":{"start":{"line":74,"column":16},"end":{"line":74,"column":null}},"26":{"start":{"line":75,"column":16},"end":{"line":75,"column":null}},"27":{"start":{"line":76,"column":16},"end":{"line":76,"column":null}},"28":{"start":{"line":79,"column":12},"end":{"line":79,"column":null}},"29":{"start":{"line":83,"column":12},"end":{"line":97,"column":null}},"30":{"start":{"line":85,"column":16},"end":{"line":85,"column":null}},"31":{"start":{"line":87,"column":16},"end":{"line":87,"column":null}},"32":{"start":{"line":88,"column":16},"end":{"line":88,"column":null}},"33":{"start":{"line":90,"column":16},"end":{"line":94,"column":null}},"34":{"start":{"line":91,"column":21},"end":{"line":91,"column":null}},"35":{"start":{"line":93,"column":21},"end":{"line":93,"column":null}},"36":{"start":{"line":95,"column":16},"end":{"line":95,"column":null}},"37":{"start":{"line":96,"column":16},"end":{"line":96,"column":null}},"38":{"start":{"line":100,"column":37},"end":{"line":100,"column":null}},"39":{"start":{"line":102,"column":12},"end":{"line":124,"column":null}},"40":{"start":{"line":103,"column":16},"end":{"line":107,"column":null}},"41":{"start":{"line":109,"column":16},"end":{"line":119,"column":null}},"42":{"start":{"line":110,"column":20},"end":{"line":110,"column":null}},"43":{"start":{"line":111,"column":20},"end":{"line":111,"column":null}},"44":{"start":{"line":112,"column":20},"end":{"line":112,"column":null}},"45":{"start":{"line":113,"column":23},"end":{"line":119,"column":null}},"46":{"start":{"line":114,"column":21},"end":{"line":114,"column":null}},"47":{"start":{"line":116,"column":21},"end":{"line":116,"column":null}},"48":{"start":{"line":117,"column":21},"end":{"line":117,"column":null}},"49":{"start":{"line":118,"column":21},"end":{"line":118,"column":null}},"50":{"start":{"line":122,"column":16},"end":{"line":122,"column":null}},"51":{"start":{"line":123,"column":16},"end":{"line":123,"column":null}},"52":{"start":{"line":128,"column":12},"end":{"line":128,"column":null}},"53":{"start":{"line":129,"column":31},"end":{"line":129,"column":null}},"54":{"start":{"line":130,"column":29},"end":{"line":130,"column":null}},"55":{"start":{"line":134,"column":12},"end":{"line":149,"column":null}},"56":{"start":{"line":135,"column":17},"end":{"line":148,"column":null}},"57":{"start":{"line":136,"column":20},"end":{"line":136,"column":null}},"58":{"start":{"line":137,"column":20},"end":{"line":137,"column":38}},"59":{"start":{"line":138,"column":24},"end":{"line":148,"column":null}},"60":{"start":{"line":139,"column":20},"end":{"line":139,"column":null}},"61":{"start":{"line":140,"column":20},"end":{"line":140,"column":null}},"62":{"start":{"line":141,"column":24},"end":{"line":148,"column":null}},"63":{"start":{"line":142,"column":21},"end":{"line":142,"column":null}},"64":{"start":{"line":143,"column":21},"end":{"line":143,"column":null}},"65":{"start":{"line":146,"column":20},"end":{"line":146,"column":null}},"66":{"start":{"line":147,"column":20},"end":{"line":147,"column":38}},"67":{"start":{"line":152,"column":12},"end":{"line":154,"column":null}},"68":{"start":{"line":153,"column":17},"end":{"line":153,"column":null}},"69":{"start":{"line":157,"column":12},"end":{"line":157,"column":null}},"70":{"start":{"line":158,"column":12},"end":{"line":158,"column":null}},"71":{"start":{"line":163,"column":4},"end":{"line":163,"column":null}},"72":{"start":{"line":164,"column":23},"end":{"line":164,"column":null}},"73":{"start":{"line":165,"column":4},"end":{"line":165,"column":null}},"74":{"start":{"line":173,"column":2},"end":{"line":178,"column":null}},"75":{"start":{"line":174,"column":4},"end":{"line":174,"column":null}},"76":{"start":{"line":176,"column":4},"end":{"line":176,"column":null}},"77":{"start":{"line":177,"column":4},"end":{"line":177,"column":null}},"78":{"start":{"line":180,"column":48},"end":{"line":180,"column":61}},"79":{"start":{"line":183,"column":2},"end":{"line":186,"column":null}},"80":{"start":{"line":184,"column":4},"end":{"line":184,"column":null}},"81":{"start":{"line":185,"column":4},"end":{"line":185,"column":null}},"82":{"start":{"line":187,"column":2},"end":{"line":190,"column":null}},"83":{"start":{"line":188,"column":4},"end":{"line":188,"column":null}},"84":{"start":{"line":189,"column":4},"end":{"line":189,"column":null}},"85":{"start":{"line":193,"column":37},"end":{"line":193,"column":39}},"86":{"start":{"line":194,"column":28},"end":{"line":194,"column":30}},"87":{"start":{"line":195,"column":28},"end":{"line":195,"column":59}},"88":{"start":{"line":197,"column":2},"end":{"line":253,"column":null}},"89":{"start":{"line":198,"column":6},"end":{"line":198,"column":null}},"90":{"start":{"line":199,"column":27},"end":{"line":199,"column":null}},"91":{"start":{"line":201,"column":6},"end":{"line":248,"column":null}},"92":{"start":{"line":202,"column":10},"end":{"line":202,"column":null}},"93":{"start":{"line":204,"column":10},"end":{"line":204,"column":null}},"94":{"start":{"line":205,"column":37},"end":{"line":207,"column":73}},"95":{"start":{"line":206,"column":40},"end":{"line":206,"column":78}},"96":{"start":{"line":207,"column":30},"end":{"line":207,"column":73}},"97":{"start":{"line":209,"column":10},"end":{"line":247,"column":null}},"98":{"start":{"line":210,"column":38},"end":{"line":217,"column":1}},"99":{"start":{"line":219,"column":14},"end":{"line":219,"column":null}},"100":{"start":{"line":228,"column":14},"end":{"line":244,"column":null}},"101":{"start":{"line":229,"column":18},"end":{"line":241,"column":null}},"102":{"start":{"line":231,"column":41},"end":{"line":231,"column":null}},"103":{"start":{"line":232,"column":22},"end":{"line":237,"column":null}},"104":{"start":{"line":232,"column":80},"end":{"line":232,"column":107}},"105":{"start":{"line":233,"column":26},"end":{"line":233,"column":83}},"106":{"start":{"line":234,"column":26},"end":{"line":234,"column":null}},"107":{"start":{"line":236,"column":26},"end":{"line":236,"column":null}},"108":{"start":{"line":239,"column":22},"end":{"line":239,"column":null}},"109":{"start":{"line":240,"column":22},"end":{"line":240,"column":null}},"110":{"start":{"line":243,"column":18},"end":{"line":243,"column":null}},"111":{"start":{"line":246,"column":15},"end":{"line":246,"column":null}},"112":{"start":{"line":250,"column":6},"end":{"line":250,"column":null}},"113":{"start":{"line":252,"column":6},"end":{"line":252,"column":null}},"114":{"start":{"line":256,"column":2},"end":{"line":268,"column":null}},"115":{"start":{"line":257,"column":4},"end":{"line":265,"column":null}},"116":{"start":{"line":260,"column":6},"end":{"line":260,"column":null}},"117":{"start":{"line":261,"column":6},"end":{"line":261,"column":null}},"118":{"start":{"line":263,"column":6},"end":{"line":263,"column":null}},"119":{"start":{"line":264,"column":6},"end":{"line":264,"column":21}},"120":{"start":{"line":267,"column":6},"end":{"line":267,"column":null}},"121":{"start":{"line":271,"column":20},"end":{"line":271,"column":38}},"122":{"start":{"line":272,"column":22},"end":{"line":272,"column":null}},"123":{"start":{"line":281,"column":33},"end":{"line":290,"column":1}},"124":{"start":{"line":293,"column":24},"end":{"line":293,"column":null}},"125":{"start":{"line":294,"column":28},"end":{"line":294,"column":null}},"126":{"start":{"line":295,"column":2},"end":{"line":310,"column":null}},"127":{"start":{"line":296,"column":4},"end":{"line":296,"column":null}},"128":{"start":{"line":297,"column":4},"end":{"line":299,"column":null}},"129":{"start":{"line":298,"column":6},"end":{"line":298,"column":null}},"130":{"start":{"line":300,"column":4},"end":{"line":300,"column":null}},"131":{"start":{"line":301,"column":4},"end":{"line":306,"column":null}},"132":{"start":{"line":308,"column":6},"end":{"line":309,"column":null}},"133":{"start":{"line":313,"column":30},"end":{"line":332,"column":1}},"134":{"start":{"line":335,"column":22},"end":{"line":335,"column":null}},"135":{"start":{"line":336,"column":0},"end":{"line":344,"column":null}},"136":{"start":{"line":337,"column":27},"end":{"line":339,"column":null}},"137":{"start":{"line":338,"column":8},"end":{"line":339,"column":null}},"138":{"start":{"line":341,"column":4},"end":{"line":343,"column":null}},"139":{"start":{"line":342,"column":8},"end":{"line":342,"column":null}},"140":{"start":{"line":342,"column":110},"end":{"line":342,"column":150}},"141":{"start":{"line":346,"column":26},"end":{"line":362,"column":1}},"142":{"start":{"line":365,"column":2},"end":{"line":365,"column":null}},"143":{"start":{"line":376,"column":2},"end":{"line":412,"column":null}},"144":{"start":{"line":378,"column":21},"end":{"line":378,"column":null}},"145":{"start":{"line":379,"column":16},"end":{"line":379,"column":36}},"146":{"start":{"line":380,"column":4},"end":{"line":380,"column":null}},"147":{"start":{"line":382,"column":23},"end":{"line":393,"column":null}},"148":{"start":{"line":395,"column":4},"end":{"line":407,"column":null}},"149":{"start":{"line":396,"column":8},"end":{"line":396,"column":null}},"150":{"start":{"line":397,"column":8},"end":{"line":397,"column":null}},"151":{"start":{"line":401,"column":8},"end":{"line":401,"column":null}},"152":{"start":{"line":404,"column":8},"end":{"line":404,"column":null}},"153":{"start":{"line":406,"column":8},"end":{"line":406,"column":null}},"154":{"start":{"line":411,"column":4},"end":{"line":411,"column":null}}},"fnMap":{"0":{"name":"POST","decl":{"start":{"line":170,"column":22},"end":{"line":170,"column":26}},"loc":{"start":{"line":170,"column":43},"end":{"line":413,"column":null}}},"1":{"name":"(anonymous_5)","decl":{"start":{"line":206,"column":19},"end":{"line":206,"column":20}},"loc":{"start":{"line":206,"column":40},"end":{"line":206,"column":78}}},"2":{"name":"(anonymous_6)","decl":{"start":{"line":207,"column":22},"end":{"line":207,"column":30}},"loc":{"start":{"line":207,"column":30},"end":{"line":207,"column":73}}},"3":{"name":"(anonymous_7)","decl":{"start":{"line":232,"column":72},"end":{"line":232,"column":80}},"loc":{"start":{"line":232,"column":80},"end":{"line":232,"column":107}}},"4":{"name":"(anonymous_8)","decl":{"start":{"line":297,"column":21},"end":{"line":297,"column":22}},"loc":{"start":{"line":297,"column":31},"end":{"line":299,"column":null}}},"5":{"name":"(anonymous_9)","decl":{"start":{"line":337,"column":52},"end":{"line":337,"column":null}},"loc":{"start":{"line":338,"column":8},"end":{"line":339,"column":null}}},"6":{"name":"(anonymous_10)","decl":{"start":{"line":342,"column":102},"end":{"line":342,"column":110}},"loc":{"start":{"line":342,"column":110},"end":{"line":342,"column":150}}}},"branchMap":{"0":{"loc":{"start":{"line":48,"column":4},"end":{"line":48,"column":40}},"type":"default-arg","locations":[{"start":{"line":48,"column":24},"end":{"line":48,"column":40}}]},"1":{"loc":{"start":{"line":49,"column":4},"end":{"line":49,"column":29}},"type":"default-arg","locations":[{"start":{"line":49,"column":26},"end":{"line":49,"column":29}}]},"2":{"loc":{"start":{"line":72,"column":12},"end":{"line":77,"column":null}},"type":"if","locations":[{"start":{"line":72,"column":12},"end":{"line":77,"column":null}}]},"3":{"loc":{"start":{"line":72,"column":16},"end":{"line":72,"column":59}},"type":"binary-expr","locations":[{"start":{"line":72,"column":16},"end":{"line":72,"column":36}},{"start":{"line":72,"column":36},"end":{"line":72,"column":59}}]},"4":{"loc":{"start":{"line":90,"column":16},"end":{"line":94,"column":null}},"type":"if","locations":[{"start":{"line":90,"column":16},"end":{"line":94,"column":null}},{"start":{"line":92,"column":23},"end":{"line":94,"column":null}}]},"5":{"loc":{"start":{"line":90,"column":20},"end":{"line":90,"column":69}},"type":"binary-expr","locations":[{"start":{"line":90,"column":20},"end":{"line":90,"column":45}},{"start":{"line":90,"column":45},"end":{"line":90,"column":69}}]},"6":{"loc":{"start":{"line":102,"column":12},"end":{"line":124,"column":null}},"type":"if","locations":[{"start":{"line":102,"column":12},"end":{"line":124,"column":null}},{"start":{"line":120,"column":19},"end":{"line":124,"column":null}}]},"7":{"loc":{"start":{"line":109,"column":16},"end":{"line":119,"column":null}},"type":"if","locations":[{"start":{"line":109,"column":16},"end":{"line":119,"column":null}},{"start":{"line":113,"column":23},"end":{"line":119,"column":null}}]},"8":{"loc":{"start":{"line":109,"column":20},"end":{"line":109,"column":84}},"type":"binary-expr","locations":[{"start":{"line":109,"column":20},"end":{"line":109,"column":66}},{"start":{"line":109,"column":66},"end":{"line":109,"column":84}}]},"9":{"loc":{"start":{"line":113,"column":23},"end":{"line":119,"column":null}},"type":"if","locations":[{"start":{"line":113,"column":23},"end":{"line":119,"column":null}},{"start":{"line":115,"column":23},"end":{"line":119,"column":null}}]},"10":{"loc":{"start":{"line":134,"column":12},"end":{"line":149,"column":null}},"type":"if","locations":[{"start":{"line":134,"column":12},"end":{"line":149,"column":null}}]},"11":{"loc":{"start":{"line":135,"column":17},"end":{"line":148,"column":null}},"type":"if","locations":[{"start":{"line":135,"column":17},"end":{"line":148,"column":null}},{"start":{"line":138,"column":24},"end":{"line":148,"column":null}}]},"12":{"loc":{"start":{"line":135,"column":21},"end":{"line":135,"column":126}},"type":"binary-expr","locations":[{"start":{"line":135,"column":21},"end":{"line":135,"column":58}},{"start":{"line":135,"column":58},"end":{"line":135,"column":103}},{"start":{"line":135,"column":103},"end":{"line":135,"column":126}}]},"13":{"loc":{"start":{"line":138,"column":24},"end":{"line":148,"column":null}},"type":"if","locations":[{"start":{"line":138,"column":24},"end":{"line":148,"column":null}},{"start":{"line":141,"column":24},"end":{"line":148,"column":null}}]},"14":{"loc":{"start":{"line":138,"column":28},"end":{"line":138,"column":127}},"type":"binary-expr","locations":[{"start":{"line":138,"column":28},"end":{"line":138,"column":63}},{"start":{"line":138,"column":63},"end":{"line":138,"column":104}},{"start":{"line":138,"column":104},"end":{"line":138,"column":127}}]},"15":{"loc":{"start":{"line":141,"column":24},"end":{"line":148,"column":null}},"type":"if","locations":[{"start":{"line":141,"column":24},"end":{"line":148,"column":null}},{"start":{"line":145,"column":22},"end":{"line":148,"column":null}}]},"16":{"loc":{"start":{"line":152,"column":12},"end":{"line":154,"column":null}},"type":"if","locations":[{"start":{"line":152,"column":12},"end":{"line":154,"column":null}}]},"17":{"loc":{"start":{"line":152,"column":16},"end":{"line":152,"column":80}},"type":"binary-expr","locations":[{"start":{"line":152,"column":16},"end":{"line":152,"column":38}},{"start":{"line":152,"column":38},"end":{"line":152,"column":60}},{"start":{"line":152,"column":60},"end":{"line":152,"column":80}}]},"18":{"loc":{"start":{"line":164,"column":23},"end":{"line":164,"column":null}},"type":"binary-expr","locations":[{"start":{"line":164,"column":23},"end":{"line":164,"column":36}},{"start":{"line":164,"column":36},"end":{"line":164,"column":null}}]},"19":{"loc":{"start":{"line":183,"column":2},"end":{"line":186,"column":null}},"type":"if","locations":[{"start":{"line":183,"column":2},"end":{"line":186,"column":null}}]},"20":{"loc":{"start":{"line":183,"column":6},"end":{"line":183,"column":77}},"type":"binary-expr","locations":[{"start":{"line":183,"column":6},"end":{"line":183,"column":18}},{"start":{"line":183,"column":18},"end":{"line":183,"column":49}},{"start":{"line":183,"column":49},"end":{"line":183,"column":77}}]},"21":{"loc":{"start":{"line":187,"column":2},"end":{"line":190,"column":null}},"type":"if","locations":[{"start":{"line":187,"column":2},"end":{"line":190,"column":null}}]},"22":{"loc":{"start":{"line":187,"column":6},"end":{"line":187,"column":70}},"type":"binary-expr","locations":[{"start":{"line":187,"column":6},"end":{"line":187,"column":16}},{"start":{"line":187,"column":16},"end":{"line":187,"column":45}},{"start":{"line":187,"column":45},"end":{"line":187,"column":70}}]},"23":{"loc":{"start":{"line":201,"column":6},"end":{"line":248,"column":null}},"type":"if","locations":[{"start":{"line":201,"column":6},"end":{"line":248,"column":null}},{"start":{"line":203,"column":13},"end":{"line":248,"column":null}}]},"24":{"loc":{"start":{"line":201,"column":10},"end":{"line":201,"column":67}},"type":"binary-expr","locations":[{"start":{"line":201,"column":10},"end":{"line":201,"column":27}},{"start":{"line":201,"column":27},"end":{"line":201,"column":67}}]},"25":{"loc":{"start":{"line":207,"column":30},"end":{"line":207,"column":73}},"type":"binary-expr","locations":[{"start":{"line":207,"column":30},"end":{"line":207,"column":42}},{"start":{"line":207,"column":46},"end":{"line":207,"column":73}}]},"26":{"loc":{"start":{"line":209,"column":10},"end":{"line":247,"column":null}},"type":"if","locations":[{"start":{"line":209,"column":10},"end":{"line":247,"column":null}},{"start":{"line":245,"column":17},"end":{"line":247,"column":null}}]},"27":{"loc":{"start":{"line":228,"column":14},"end":{"line":244,"column":null}},"type":"if","locations":[{"start":{"line":228,"column":14},"end":{"line":244,"column":null}},{"start":{"line":242,"column":21},"end":{"line":244,"column":null}}]},"28":{"loc":{"start":{"line":232,"column":22},"end":{"line":237,"column":null}},"type":"if","locations":[{"start":{"line":232,"column":22},"end":{"line":237,"column":null}},{"start":{"line":235,"column":29},"end":{"line":237,"column":null}}]},"29":{"loc":{"start":{"line":232,"column":26},"end":{"line":232,"column":107}},"type":"binary-expr","locations":[{"start":{"line":232,"column":26},"end":{"line":232,"column":55}},{"start":{"line":232,"column":55},"end":{"line":232,"column":107}}]},"30":{"loc":{"start":{"line":250,"column":79},"end":{"line":250,"column":null}},"type":"binary-expr","locations":[{"start":{"line":250,"column":79},"end":{"line":250,"column":92}},{"start":{"line":250,"column":96},"end":{"line":250,"column":null}}]},"31":{"loc":{"start":{"line":256,"column":2},"end":{"line":268,"column":null}},"type":"if","locations":[{"start":{"line":256,"column":2},"end":{"line":268,"column":null}},{"start":{"line":266,"column":9},"end":{"line":268,"column":null}}]},"32":{"loc":{"start":{"line":263,"column":82},"end":{"line":263,"column":null}},"type":"binary-expr","locations":[{"start":{"line":263,"column":82},"end":{"line":263,"column":95}},{"start":{"line":263,"column":99},"end":{"line":263,"column":null}}]},"33":{"loc":{"start":{"line":295,"column":2},"end":{"line":310,"column":null}},"type":"if","locations":[{"start":{"line":295,"column":2},"end":{"line":310,"column":null}},{"start":{"line":307,"column":9},"end":{"line":310,"column":null}}]},"34":{"loc":{"start":{"line":336,"column":0},"end":{"line":344,"column":null}},"type":"if","locations":[{"start":{"line":336,"column":0},"end":{"line":344,"column":null}}]},"35":{"loc":{"start":{"line":336,"column":4},"end":{"line":336,"column":91}},"type":"binary-expr","locations":[{"start":{"line":336,"column":4},"end":{"line":336,"column":25}},{"start":{"line":336,"column":25},"end":{"line":336,"column":61}},{"start":{"line":336,"column":61},"end":{"line":336,"column":91}}]},"36":{"loc":{"start":{"line":338,"column":8},"end":{"line":339,"column":null}},"type":"binary-expr","locations":[{"start":{"line":338,"column":8},"end":{"line":338,"column":16}},{"start":{"line":338,"column":16},"end":{"line":338,"column":53}},{"start":{"line":338,"column":53},"end":{"line":338,"column":null}},{"start":{"line":339,"column":8},"end":{"line":339,"column":32}},{"start":{"line":339,"column":32},"end":{"line":339,"column":null}}]},"37":{"loc":{"start":{"line":341,"column":4},"end":{"line":343,"column":null}},"type":"if","locations":[{"start":{"line":341,"column":4},"end":{"line":343,"column":null}}]},"38":{"loc":{"start":{"line":376,"column":2},"end":{"line":412,"column":null}},"type":"if","locations":[{"start":{"line":376,"column":2},"end":{"line":412,"column":null}},{"start":{"line":409,"column":9},"end":{"line":412,"column":null}}]},"39":{"loc":{"start":{"line":389,"column":31},"end":{"line":389,"column":45}},"type":"binary-expr","locations":[{"start":{"line":389,"column":31},"end":{"line":389,"column":43}},{"start":{"line":389,"column":43},"end":{"line":389,"column":45}}]},"40":{"loc":{"start":{"line":392,"column":40},"end":{"line":392,"column":63}},"type":"binary-expr","locations":[{"start":{"line":392,"column":40},"end":{"line":392,"column":61}},{"start":{"line":392,"column":61},"end":{"line":392,"column":63}}]},"41":{"loc":{"start":{"line":406,"column":69},"end":{"line":406,"column":114}},"type":"binary-expr","locations":[{"start":{"line":406,"column":69},"end":{"line":406,"column":87}},{"start":{"line":406,"column":91},"end":{"line":406,"column":114}}]}},"s":{"0":0,"1":0,"2":0,"3":0,"4":0,"5":0,"6":0,"7":0,"8":0,"9":0,"10":0,"11":0,"12":0,"13":0,"14":0,"15":0,"16":0,"17":0,"18":0,"19":0,"20":0,"21":0,"22":0,"23":0,"24":0,"25":0,"26":0,"27":0,"28":0,"29":0,"30":0,"31":0,"32":0,"33":0,"34":0,"35":0,"36":0,"37":0,"38":0,"39":0,"40":0,"41":0,"42":0,"43":0,"44":0,"45":0,"46":0,"47":0,"48":0,"49":0,"50":0,"51":0,"52":0,"53":0,"54":0,"55":0,"56":0,"57":0,"58":0,"59":0,"60":0,"61":0,"62":0,"63":0,"64":0,"65":0,"66":0,"67":0,"68":0,"69":0,"70":0,"71":0,"72":0,"73":0,"74":0,"75":0,"76":0,"77":0,"78":0,"79":0,"80":0,"81":0,"82":0,"83":0,"84":0,"85":0,"86":0,"87":0,"88":0,"89":0,"90":0,"91":0,"92":0,"93":0,"94":0,"95":0,"96":0,"97":0,"98":0,"99":0,"100":0,"101":0,"102":0,"103":0,"104":0,"105":0,"106":0,"107":0,"108":0,"109":0,"110":0,"111":0,"112":0,"113":0,"114":0,"115":0,"116":0,"117":0,"118":0,"119":0,"120":0,"121":0,"122":0,"123":0,"124":0,"125":0,"126":0,"127":0,"128":0,"129":0,"130":0,"131":0,"132":0,"133":0,"134":0,"135":0,"136":0,"137":0,"138":0,"139":0,"140":0,"141":0,"142":0,"143":0,"144":0,"145":0,"146":0,"147":0,"148":0,"149":0,"150":0,"151":0,"152":0,"153":0,"154":0},"f":{"0":0,"1":0,"2":0,"3":0,"4":0,"5":0,"6":0},"b":{"0":[0],"1":[0],"2":[0],"3":[0,0],"4":[0,0],"5":[0,0],"6":[0,0],"7":[0,0],"8":[0,0],"9":[0,0],"10":[0],"11":[0,0],"12":[0,0,0],"13":[0,0],"14":[0,0,0],"15":[0,0],"16":[0],"17":[0,0,0],"18":[0,0],"19":[0],"20":[0,0,0],"21":[0],"22":[0,0,0],"23":[0,0],"24":[0,0],"25":[0,0],"26":[0,0],"27":[0,0],"28":[0,0],"29":[0,0],"30":[0,0],"31":[0,0],"32":[0,0],"33":[0,0],"34":[0],"35":[0,0,0],"36":[0,0,0,0,0],"37":[0],"38":[0,0],"39":[0,0],"40":[0,0],"41":[0,0]}}
,"C:\\Users\\desbo\\latestaibu\\amibeingunreasonable-app\\lib\\approvedSources.ts": {"path":"C:\\Users\\desbo\\latestaibu\\amibeingunreasonable-app\\lib\\approvedSources.ts","statementMap":{"0":{"start":{"line":1,"column":13},"end":{"line":1,"column":35}},"1":{"start":{"line":1,"column":35},"end":{"line":41,"column":null}}},"fnMap":{},"branchMap":{},"s":{"0":0,"1":0},"f":{},"b":{}}
,"C:\\Users\\desbo\\latestaibu\\amibeingunreasonable-app\\lib\\domainKeywords.ts": {"path":"C:\\Users\\desbo\\latestaibu\\amibeingunreasonable-app\\lib\\domainKeywords.ts","statementMap":{"0":{"start":{"line":40,"column":13},"end":{"line":40,"column":30}},"1":{"start":{"line":5,"column":13},"end":{"line":5,"column":27}},"2":{"start":{"line":5,"column":56},"end":{"line":37,"column":null}},"3":{"start":{"line":40,"column":33},"end":{"line":40,"column":null}}},"fnMap":{},"branchMap":{},"s":{"0":0,"1":0,"2":0,"3":0},"f":{},"b":{}}
,"C:\\Users\\desbo\\latestaibu\\amibeingunreasonable-app\\lib\\htmlUtils.ts": {"path":"C:\\Users\\desbo\\latestaibu\\amibeingunreasonable-app\\lib\\htmlUtils.ts","statementMap":{"0":{"start":{"line":23,"column":16},"end":{"line":23,"column":37}},"1":{"start":{"line":11,"column":16},"end":{"line":11,"column":25}},"2":{"start":{"line":36,"column":16},"end":{"line":36,"column":29}},"3":{"start":{"line":12,"column":4},"end":{"line":12,"column":null}},"4":{"start":{"line":12,"column":15},"end":{"line":12,"column":null}},"5":{"start":{"line":14,"column":4},"end":{"line":14,"column":null}},"6":{"start":{"line":24,"column":4},"end":{"line":24,"column":null}},"7":{"start":{"line":24,"column":15},"end":{"line":24,"column":null}},"8":{"start":{"line":26,"column":18},"end":{"line":26,"column":null}},"9":{"start":{"line":27,"column":4},"end":{"line":27,"column":36}},"10":{"start":{"line":37,"column":4},"end":{"line":37,"column":null}},"11":{"start":{"line":37,"column":15},"end":{"line":37,"column":null}},"12":{"start":{"line":38,"column":18},"end":{"line":38,"column":44}},"13":{"start":{"line":39,"column":4},"end":{"line":41,"column":null}},"14":{"start":{"line":40,"column":8},"end":{"line":40,"column":28}},"15":{"start":{"line":43,"column":4},"end":{"line":43,"column":null}}},"fnMap":{"0":{"name":"stripHtml","decl":{"start":{"line":11,"column":16},"end":{"line":11,"column":25}},"loc":{"start":{"line":11,"column":38},"end":{"line":15,"column":null}}},"1":{"name":"extractFirstParagraph","decl":{"start":{"line":23,"column":16},"end":{"line":23,"column":37}},"loc":{"start":{"line":23,"column":50},"end":{"line":28,"column":null}}},"2":{"name":"truncateWords","decl":{"start":{"line":36,"column":16},"end":{"line":36,"column":29}},"loc":{"start":{"line":36,"column":60},"end":{"line":44,"column":null}}}},"branchMap":{"0":{"loc":{"start":{"line":12,"column":4},"end":{"line":12,"column":null}},"type":"if","locations":[{"start":{"line":12,"column":4},"end":{"line":12,"column":null}}]},"1":{"loc":{"start":{"line":24,"column":4},"end":{"line":24,"column":null}},"type":"if","locations":[{"start":{"line":24,"column":4},"end":{"line":24,"column":null}}]},"2":{"loc":{"start":{"line":27,"column":11},"end":{"line":27,"column":36}},"type":"cond-expr","locations":[{"start":{"line":27,"column":19},"end":{"line":27,"column":27}},{"start":{"line":27,"column":30},"end":{"line":27,"column":36}}]},"3":{"loc":{"start":{"line":37,"column":4},"end":{"line":37,"column":null}},"type":"if","locations":[{"start":{"line":37,"column":4},"end":{"line":37,"column":null}}]},"4":{"loc":{"start":{"line":39,"column":4},"end":{"line":41,"column":null}},"type":"if","locations":[{"start":{"line":39,"column":4},"end":{"line":41,"column":null}}]}},"s":{"0":0,"1":0,"2":0,"3":0,"4":0,"5":0,"6":0,"7":0,"8":0,"9":0,"10":0,"11":0,"12":0,"13":0,"14":0,"15":0},"f":{"0":0,"1":0,"2":0},"b":{"0":[0],"1":[0],"2":[0,0],"3":[0],"4":[0]}}
,"C:\\Users\\desbo\\latestaibu\\amibeingunreasonable-app\\lib\\openRouterClient.ts": {"path":"C:\\Users\\desbo\\latestaibu\\amibeingunreasonable-app\\lib\\openRouterClient.ts","statementMap":{"0":{"start":{"line":43,"column":22},"end":{"line":43,"column":45}},"1":{"start":{"line":23,"column":13},"end":{"line":23,"column":23}},"2":{"start":{"line":1,"column":19},"end":{"line":1,"column":null}},"3":{"start":{"line":2,"column":17},"end":{"line":2,"column":null}},"4":{"start":{"line":3,"column":19},"end":{"line":3,"column":null}},"5":{"start":{"line":7,"column":0},"end":{"line":7,"column":null}},"6":{"start":{"line":9,"column":27},"end":{"line":9,"column":57}},"7":{"start":{"line":10,"column":28},"end":{"line":10,"column":null}},"8":{"start":{"line":12,"column":28},"end":{"line":12,"column":88}},"9":{"start":{"line":13,"column":29},"end":{"line":13,"column":90}},"10":{"start":{"line":15,"column":0},"end":{"line":20,"column":null}},"11":{"start":{"line":18,"column":2},"end":{"line":18,"column":null}},"12":{"start":{"line":19,"column":2},"end":{"line":19,"column":null}},"13":{"start":{"line":23,"column":26},"end":{"line":31,"column":null}},"14":{"start":{"line":50,"column":2},"end":{"line":53,"column":null}},"15":{"start":{"line":51,"column":6},"end":{"line":51,"column":null}},"16":{"start":{"line":52,"column":6},"end":{"line":52,"column":null}},"17":{"start":{"line":55,"column":2},"end":{"line":55,"column":null}},"18":{"start":{"line":56,"column":2},"end":{"line":104,"column":null}},"19":{"start":{"line":57,"column":69},"end":{"line":62,"column":null}},"20":{"start":{"line":64,"column":4},"end":{"line":66,"column":null}},"21":{"start":{"line":65,"column":8},"end":{"line":65,"column":null}},"22":{"start":{"line":68,"column":23},"end":{"line":68,"column":null}},"23":{"start":{"line":71,"column":4},"end":{"line":73,"column":null}},"24":{"start":{"line":72,"column":8},"end":{"line":72,"column":null}},"25":{"start":{"line":75,"column":28},"end":{"line":75,"column":null}},"26":{"start":{"line":77,"column":4},"end":{"line":81,"column":null}},"27":{"start":{"line":78,"column":8},"end":{"line":78,"column":null}},"28":{"start":{"line":80,"column":8},"end":{"line":80,"column":null}},"29":{"start":{"line":82,"column":5},"end":{"line":86,"column":null}},"30":{"start":{"line":83,"column":8},"end":{"line":83,"column":null}},"31":{"start":{"line":85,"column":8},"end":{"line":85,"column":null}},"32":{"start":{"line":89,"column":4},"end":{"line":89,"column":null}},"33":{"start":{"line":90,"column":4},"end":{"line":90,"column":null}},"34":{"start":{"line":93,"column":4},"end":{"line":93,"column":null}},"35":{"start":{"line":96,"column":4},"end":{"line":103,"column":null}},"36":{"start":{"line":97,"column":8},"end":{"line":97,"column":null}},"37":{"start":{"line":99,"column":8},"end":{"line":99,"column":null}},"38":{"start":{"line":102,"column":8},"end":{"line":102,"column":null}}},"fnMap":{"0":{"name":"getOpenRouterCompletion","decl":{"start":{"line":43,"column":22},"end":{"line":43,"column":45}},"loc":{"start":{"line":47,"column":20},"end":{"line":105,"column":null}}}},"branchMap":{"0":{"loc":{"start":{"line":12,"column":28},"end":{"line":12,"column":88}},"type":"binary-expr","locations":[{"start":{"line":12,"column":28},"end":{"line":12,"column":59}},{"start":{"line":12,"column":63},"end":{"line":12,"column":88}}]},"1":{"loc":{"start":{"line":13,"column":29},"end":{"line":13,"column":90}},"type":"binary-expr","locations":[{"start":{"line":13,"column":29},"end":{"line":13,"column":62}},{"start":{"line":13,"column":66},"end":{"line":13,"column":90}}]},"2":{"loc":{"start":{"line":15,"column":0},"end":{"line":20,"column":null}},"type":"if","locations":[{"start":{"line":15,"column":0},"end":{"line":20,"column":null}}]},"3":{"loc":{"start":{"line":45,"column":2},"end":{"line":45,"column":34}},"type":"default-arg","locations":[{"start":{"line":45,"column":18},"end":{"line":45,"column":34}}]},"4":{"loc":{"start":{"line":46,"column":2},"end":{"line":46,"column":27}},"type":"default-arg","locations":[{"start":{"line":46,"column":24},"end":{"line":46,"column":27}}]},"5":{"loc":{"start":{"line":50,"column":2},"end":{"line":53,"column":null}},"type":"if","locations":[{"start":{"line":50,"column":2},"end":{"line":53,"column":null}}]},"6":{"loc":{"start":{"line":64,"column":4},"end":{"line":66,"column":null}},"type":"if","locations":[{"start":{"line":64,"column":4},"end":{"line":66,"column":null}}]},"7":{"loc":{"start":{"line":71,"column":4},"end":{"line":73,"column":null}},"type":"if","locations":[{"start":{"line":71,"column":4},"end":{"line":73,"column":null}}]},"8":{"loc":{"start":{"line":77,"column":4},"end":{"line":81,"column":null}},"type":"if","locations":[{"start":{"line":77,"column":4},"end":{"line":81,"column":null}}]},"9":{"loc":{"start":{"line":77,"column":8},"end":{"line":77,"column":67}},"type":"binary-expr","locations":[{"start":{"line":77,"column":8},"end":{"line":77,"column":36}},{"start":{"line":77,"column":36},"end":{"line":77,"column":67}}]},"10":{"loc":{"start":{"line":82,"column":5},"end":{"line":86,"column":null}},"type":"if","locations":[{"start":{"line":82,"column":5},"end":{"line":86,"column":null}}]},"11":{"loc":{"start":{"line":96,"column":4},"end":{"line":103,"column":null}},"type":"if","locations":[{"start":{"line":96,"column":4},"end":{"line":103,"column":null}},{"start":{"line":100,"column":11},"end":{"line":103,"column":null}}]}},"s":{"0":0,"1":0,"2":0,"3":0,"4":0,"5":0,"6":0,"7":0,"8":0,"9":0,"10":0,"11":0,"12":0,"13":0,"14":0,"15":0,"16":0,"17":0,"18":0,"19":0,"20":0,"21":0,"22":0,"23":0,"24":0,"25":0,"26":0,"27":0,"28":0,"29":0,"30":0,"31":0,"32":0,"33":0,"34":0,"35":0,"36":0,"37":0,"38":0},"f":{"0":0},"b":{"0":[0,0],"1":[0,0],"2":[0],"3":[0],"4":[0],"5":[0],"6":[0],"7":[0],"8":[0],"9":[0,0],"10":[0],"11":[0,0]}}
,"C:\\Users\\desbo\\latestaibu\\amibeingunreasonable-app\\lib\\retrieveSnippets.ts": {"path":"C:\\Users\\desbo\\latestaibu\\amibeingunreasonable-app\\lib\\retrieveSnippets.ts","statementMap":{"0":{"start":{"line":41,"column":22},"end":{"line":41,"column":39}},"1":{"start":{"line":1,"column":22},"end":{"line":1,"column":null}},"2":{"start":{"line":2,"column":36},"end":{"line":2,"column":null}},"3":{"start":{"line":6,"column":27},"end":{"line":6,"column":null}},"4":{"start":{"line":16,"column":26},"end":{"line":16,"column":null}},"5":{"start":{"line":17,"column":17},"end":{"line":17,"column":52}},"6":{"start":{"line":18,"column":19},"end":{"line":18,"column":56}},"7":{"start":{"line":20,"column":0},"end":{"line":32,"column":null}},"8":{"start":{"line":21,"column":4},"end":{"line":29,"column":null}},"9":{"start":{"line":22,"column":8},"end":{"line":25,"column":null}},"10":{"start":{"line":26,"column":8},"end":{"line":26,"column":null}},"11":{"start":{"line":28,"column":8},"end":{"line":28,"column":null}},"12":{"start":{"line":31,"column":4},"end":{"line":31,"column":null}},"13":{"start":{"line":42,"column":4},"end":{"line":45,"column":null}},"14":{"start":{"line":43,"column":8},"end":{"line":43,"column":null}},"15":{"start":{"line":44,"column":8},"end":{"line":44,"column":null}},"16":{"start":{"line":47,"column":4},"end":{"line":50,"column":null}},"17":{"start":{"line":48,"column":8},"end":{"line":48,"column":null}},"18":{"start":{"line":49,"column":8},"end":{"line":49,"column":null}},"19":{"start":{"line":53,"column":4},"end":{"line":56,"column":null}},"20":{"start":{"line":54,"column":8},"end":{"line":54,"column":null}},"21":{"start":{"line":55,"column":8},"end":{"line":55,"column":null}},"22":{"start":{"line":58,"column":41},"end":{"line":58,"column":43}},"23":{"start":{"line":59,"column":21},"end":{"line":59,"column":40}},"24":{"start":{"line":60,"column":31},"end":{"line":60,"column":null}},"25":{"start":{"line":62,"column":4},"end":{"line":62,"column":null}},"26":{"start":{"line":64,"column":4},"end":{"line":159,"column":6}},"27":{"start":{"line":65,"column":25},"end":{"line":65,"column":41}},"28":{"start":{"line":68,"column":8},"end":{"line":158,"column":null}},"29":{"start":{"line":70,"column":31},"end":{"line":70,"column":null}},"30":{"start":{"line":70,"column":66},"end":{"line":70,"column":null}},"31":{"start":{"line":72,"column":12},"end":{"line":77,"column":null}},"32":{"start":{"line":73,"column":16},"end":{"line":73,"column":null}},"33":{"start":{"line":75,"column":16},"end":{"line":75,"column":null}},"34":{"start":{"line":76,"column":16},"end":{"line":76,"column":33}},"35":{"start":{"line":80,"column":40},"end":{"line":80,"column":null}},"36":{"start":{"line":81,"column":27},"end":{"line":81,"column":34}},"37":{"start":{"line":83,"column":12},"end":{"line":112,"column":null}},"38":{"start":{"line":84,"column":44},"end":{"line":84,"column":null}},"39":{"start":{"line":85,"column":16},"end":{"line":89,"column":null}},"40":{"start":{"line":86,"column":20},"end":{"line":86,"column":null}},"41":{"start":{"line":86,"column":26},"end":{"line":86,"column":69}},"42":{"start":{"line":87,"column":23},"end":{"line":89,"column":null}},"43":{"start":{"line":88,"column":20},"end":{"line":88,"column":null}},"44":{"start":{"line":92,"column":16},"end":{"line":109,"column":null}},"45":{"start":{"line":97,"column":20},"end":{"line":97,"column":null}},"46":{"start":{"line":98,"column":20},"end":{"line":98,"column":null}},"47":{"start":{"line":99,"column":20},"end":{"line":99,"column":37}},"48":{"start":{"line":100,"column":23},"end":{"line":109,"column":null}},"49":{"start":{"line":102,"column":20},"end":{"line":106,"column":null}},"50":{"start":{"line":103,"column":25},"end":{"line":103,"column":null}},"51":{"start":{"line":105,"column":25},"end":{"line":105,"column":null}},"52":{"start":{"line":108,"column":21},"end":{"line":108,"column":null}},"53":{"start":{"line":111,"column":17},"end":{"line":111,"column":null}},"54":{"start":{"line":115,"column":12},"end":{"line":117,"column":null}},"55":{"start":{"line":116,"column":16},"end":{"line":116,"column":null}},"56":{"start":{"line":120,"column":12},"end":{"line":120,"column":null}},"57":{"start":{"line":122,"column":31},"end":{"line":122,"column":51}},"58":{"start":{"line":124,"column":12},"end":{"line":136,"column":null}},"59":{"start":{"line":125,"column":32},"end":{"line":125,"column":75}},"60":{"start":{"line":126,"column":16},"end":{"line":132,"column":null}},"61":{"start":{"line":127,"column":20},"end":{"line":127,"column":null}},"62":{"start":{"line":128,"column":20},"end":{"line":128,"column":null}},"63":{"start":{"line":130,"column":20},"end":{"line":130,"column":null}},"64":{"start":{"line":131,"column":20},"end":{"line":131,"column":null}},"65":{"start":{"line":134,"column":16},"end":{"line":134,"column":null}},"66":{"start":{"line":135,"column":16},"end":{"line":135,"column":59}},"67":{"start":{"line":139,"column":40},"end":{"line":139,"column":null}},"68":{"start":{"line":140,"column":12},"end":{"line":140,"column":null}},"69":{"start":{"line":141,"column":12},"end":{"line":148,"column":null}},"70":{"start":{"line":142,"column":16},"end":{"line":142,"column":null}},"71":{"start":{"line":143,"column":16},"end":{"line":143,"column":null}},"72":{"start":{"line":145,"column":17},"end":{"line":145,"column":null}},"73":{"start":{"line":147,"column":17},"end":{"line":147,"column":null}},"74":{"start":{"line":152,"column":12},"end":{"line":152,"column":null}},"75":{"start":{"line":153,"column":13},"end":{"line":155,"column":null}},"76":{"start":{"line":154,"column":17},"end":{"line":154,"column":null}},"77":{"start":{"line":157,"column":13},"end":{"line":157,"column":null}},"78":{"start":{"line":161,"column":4},"end":{"line":161,"column":null}},"79":{"start":{"line":162,"column":4},"end":{"line":162,"column":null}}},"fnMap":{"0":{"name":"retrieveSnippets","decl":{"start":{"line":41,"column":22},"end":{"line":41,"column":39}},"loc":{"start":{"line":41,"column":80},"end":{"line":163,"column":null}}},"1":{"name":"(anonymous_2)","decl":{"start":{"line":70,"column":56},"end":{"line":70,"column":66}},"loc":{"start":{"line":70,"column":66},"end":{"line":70,"column":null}}}},"branchMap":{"0":{"loc":{"start":{"line":20,"column":0},"end":{"line":32,"column":null}},"type":"if","locations":[{"start":{"line":20,"column":0},"end":{"line":32,"column":null}},{"start":{"line":30,"column":7},"end":{"line":32,"column":null}}]},"1":{"loc":{"start":{"line":20,"column":4},"end":{"line":20,"column":28}},"type":"binary-expr","locations":[{"start":{"line":20,"column":4},"end":{"line":20,"column":16}},{"start":{"line":20,"column":16},"end":{"line":20,"column":28}}]},"2":{"loc":{"start":{"line":42,"column":4},"end":{"line":45,"column":null}},"type":"if","locations":[{"start":{"line":42,"column":4},"end":{"line":45,"column":null}}]},"3":{"loc":{"start":{"line":47,"column":4},"end":{"line":50,"column":null}},"type":"if","locations":[{"start":{"line":47,"column":4},"end":{"line":50,"column":null}}]},"4":{"loc":{"start":{"line":53,"column":4},"end":{"line":56,"column":null}},"type":"if","locations":[{"start":{"line":53,"column":4},"end":{"line":56,"column":null}}]},"5":{"loc":{"start":{"line":53,"column":8},"end":{"line":53,"column":67}},"type":"binary-expr","locations":[{"start":{"line":53,"column":8},"end":{"line":53,"column":40}},{"start":{"line":53,"column":40},"end":{"line":53,"column":67}}]},"6":{"loc":{"start":{"line":72,"column":12},"end":{"line":77,"column":null}},"type":"if","locations":[{"start":{"line":72,"column":12},"end":{"line":77,"column":null}},{"start":{"line":74,"column":19},"end":{"line":77,"column":null}}]},"7":{"loc":{"start":{"line":72,"column":16},"end":{"line":72,"column":45}},"type":"binary-expr","locations":[{"start":{"line":72,"column":16},"end":{"line":72,"column":30}},{"start":{"line":72,"column":30},"end":{"line":72,"column":45}}]},"8":{"loc":{"start":{"line":83,"column":12},"end":{"line":112,"column":null}},"type":"if","locations":[{"start":{"line":83,"column":12},"end":{"line":112,"column":null}},{"start":{"line":110,"column":19},"end":{"line":112,"column":null}}]},"9":{"loc":{"start":{"line":83,"column":16},"end":{"line":83,"column":65}},"type":"binary-expr","locations":[{"start":{"line":83,"column":16},"end":{"line":83,"column":39}},{"start":{"line":83,"column":39},"end":{"line":83,"column":65}}]},"10":{"loc":{"start":{"line":85,"column":16},"end":{"line":89,"column":null}},"type":"if","locations":[{"start":{"line":85,"column":16},"end":{"line":89,"column":null}},{"start":{"line":87,"column":23},"end":{"line":89,"column":null}}]},"11":{"loc":{"start":{"line":87,"column":23},"end":{"line":89,"column":null}},"type":"if","locations":[{"start":{"line":87,"column":23},"end":{"line":89,"column":null}}]},"12":{"loc":{"start":{"line":92,"column":16},"end":{"line":109,"column":null}},"type":"if","locations":[{"start":{"line":92,"column":16},"end":{"line":109,"column":null}},{"start":{"line":100,"column":23},"end":{"line":109,"column":null}}]},"13":{"loc":{"start":{"line":92,"column":20},"end":{"line":96,"column":58}},"type":"binary-expr","locations":[{"start":{"line":92,"column":20},"end":{"line":92,"column":null}},{"start":{"line":93,"column":20},"end":{"line":93,"column":null}},{"start":{"line":94,"column":20},"end":{"line":94,"column":null}},{"start":{"line":95,"column":20},"end":{"line":95,"column":null}},{"start":{"line":96,"column":20},"end":{"line":96,"column":58}}]},"14":{"loc":{"start":{"line":100,"column":23},"end":{"line":109,"column":null}},"type":"if","locations":[{"start":{"line":100,"column":23},"end":{"line":109,"column":null}},{"start":{"line":107,"column":23},"end":{"line":109,"column":null}}]},"15":{"loc":{"start":{"line":102,"column":20},"end":{"line":106,"column":null}},"type":"if","locations":[{"start":{"line":102,"column":20},"end":{"line":106,"column":null}},{"start":{"line":104,"column":27},"end":{"line":106,"column":null}}]},"16":{"loc":{"start":{"line":115,"column":12},"end":{"line":117,"column":null}},"type":"if","locations":[{"start":{"line":115,"column":12},"end":{"line":117,"column":null}}]},"17":{"loc":{"start":{"line":126,"column":16},"end":{"line":132,"column":null}},"type":"if","locations":[{"start":{"line":126,"column":16},"end":{"line":132,"column":null}},{"start":{"line":129,"column":23},"end":{"line":132,"column":null}}]},"18":{"loc":{"start":{"line":152,"column":70},"end":{"line":152,"column":null}},"type":"binary-expr","locations":[{"start":{"line":152,"column":70},"end":{"line":152,"column":83}},{"start":{"line":152,"column":87},"end":{"line":152,"column":null}}]},"19":{"loc":{"start":{"line":153,"column":13},"end":{"line":155,"column":null}},"type":"if","locations":[{"start":{"line":153,"column":13},"end":{"line":155,"column":null}}]},"20":{"loc":{"start":{"line":153,"column":17},"end":{"line":153,"column":88}},"type":"binary-expr","locations":[{"start":{"line":153,"column":17},"end":{"line":153,"column":50}},{"start":{"line":153,"column":50},"end":{"line":153,"column":88}}]}},"s":{"0":0,"1":0,"2":0,"3":0,"4":0,"5":0,"6":0,"7":0,"8":0,"9":0,"10":0,"11":0,"12":0,"13":0,"14":0,"15":0,"16":0,"17":0,"18":0,"19":0,"20":0,"21":0,"22":0,"23":0,"24":0,"25":0,"26":0,"27":0,"28":0,"29":0,"30":0,"31":0,"32":0,"33":0,"34":0,"35":0,"36":0,"37":0,"38":0,"39":0,"40":0,"41":0,"42":0,"43":0,"44":0,"45":0,"46":0,"47":0,"48":0,"49":0,"50":0,"51":0,"52":0,"53":0,"54":0,"55":0,"56":0,"57":0,"58":0,"59":0,"60":0,"61":0,"62":0,"63":0,"64":0,"65":0,"66":0,"67":0,"68":0,"69":0,"70":0,"71":0,"72":0,"73":0,"74":0,"75":0,"76":0,"77":0,"78":0,"79":0},"f":{"0":0,"1":0},"b":{"0":[0,0],"1":[0,0],"2":[0],"3":[0],"4":[0],"5":[0,0],"6":[0,0],"7":[0,0],"8":[0,0],"9":[0,0],"10":[0,0],"11":[0],"12":[0,0],"13":[0,0,0,0,0],"14":[0,0],"15":[0,0],"16":[0],"17":[0,0],"18":[0,0],"19":[0],"20":[0,0]}}
,"C:\\Users\\desbo\\latestaibu\\amibeingunreasonable-app\\lib\\validateJudge.ts": {"path":"C:\\Users\\desbo\\latestaibu\\amibeingunreasonable-app\\lib\\validateJudge.ts","statementMap":{"0":{"start":{"line":14,"column":13},"end":{"line":14,"column":24}},"1":{"start":{"line":47,"column":16},"end":{"line":47,"column":37}},"2":{"start":{"line":1,"column":18},"end":{"line":1,"column":null}},"3":{"start":{"line":4,"column":22},"end":{"line":11,"column":null}},"4":{"start":{"line":14,"column":27},"end":{"line":30,"column":null}},"5":{"start":{"line":25,"column":22},"end":{"line":25,"column":null}},"6":{"start":{"line":25,"column":40},"end":{"line":25,"column":46}},"7":{"start":{"line":26,"column":8},"end":{"line":26,"column":null}},"8":{"start":{"line":49,"column":22},"end":{"line":49,"column":null}},"9":{"start":{"line":51,"column":4},"end":{"line":65,"column":null}},"10":{"start":{"line":52,"column":8},"end":{"line":52,"column":null}},"11":{"start":{"line":53,"column":8},"end":{"line":53,"column":null}},"12":{"start":{"line":54,"column":8},"end":{"line":64,"column":null}},"13":{"start":{"line":67,"column":26},"end":{"line":67,"column":40}},"14":{"start":{"line":70,"column":4},"end":{"line":94,"column":null}},"15":{"start":{"line":71,"column":28},"end":{"line":71,"column":112}},"16":{"start":{"line":71,"column":88},"end":{"line":71,"column":99}},"17":{"start":{"line":73,"column":30},"end":{"line":75,"column":43}},"18":{"start":{"line":74,"column":53},"end":{"line":74,"column":83}},"19":{"start":{"line":77,"column":33},"end":{"line":77,"column":null}},"20":{"start":{"line":77,"column":61},"end":{"line":77,"column":null}},"21":{"start":{"line":79,"column":8},"end":{"line":90,"column":null}},"22":{"start":{"line":80,"column":32},"end":{"line":80,"column":122}},"23":{"start":{"line":81,"column":12},"end":{"line":81,"column":null}},"24":{"start":{"line":82,"column":12},"end":{"line":89,"column":null}},"25":{"start":{"line":91,"column":9},"end":{"line":91,"column":null}},"26":{"start":{"line":93,"column":9},"end":{"line":93,"column":null}},"27":{"start":{"line":97,"column":4},"end":{"line":97,"column":null}}},"fnMap":{"0":{"name":"(anonymous_3)","decl":{"start":{"line":24,"column":6},"end":{"line":24,"column":7}},"loc":{"start":{"line":24,"column":7},"end":{"line":27,"column":null}}},"1":{"name":"(anonymous_4)","decl":{"start":{"line":25,"column":35},"end":{"line":25,"column":40}},"loc":{"start":{"line":25,"column":40},"end":{"line":25,"column":46}}},"2":{"name":"validateJudgeResponse","decl":{"start":{"line":47,"column":16},"end":{"line":47,"column":37}},"loc":{"start":{"line":47,"column":72},"end":{"line":98,"column":null}}},"3":{"name":"(anonymous_6)","decl":{"start":{"line":71,"column":83},"end":{"line":71,"column":88}},"loc":{"start":{"line":71,"column":88},"end":{"line":71,"column":99}}},"4":{"name":"(anonymous_7)","decl":{"start":{"line":74,"column":44},"end":{"line":74,"column":53}},"loc":{"start":{"line":74,"column":53},"end":{"line":74,"column":83}}},"5":{"name":"(anonymous_8)","decl":{"start":{"line":77,"column":54},"end":{"line":77,"column":61}},"loc":{"start":{"line":77,"column":61},"end":{"line":77,"column":null}}}},"branchMap":{"0":{"loc":{"start":{"line":26,"column":15},"end":{"line":26,"column":null}},"type":"binary-expr","locations":[{"start":{"line":26,"column":15},"end":{"line":26,"column":43}},{"start":{"line":26,"column":43},"end":{"line":26,"column":69}},{"start":{"line":26,"column":69},"end":{"line":26,"column":null}}]},"1":{"loc":{"start":{"line":51,"column":4},"end":{"line":65,"column":null}},"type":"if","locations":[{"start":{"line":51,"column":4},"end":{"line":65,"column":null}}]},"2":{"loc":{"start":{"line":70,"column":4},"end":{"line":94,"column":null}},"type":"if","locations":[{"start":{"line":70,"column":4},"end":{"line":94,"column":null}},{"start":{"line":92,"column":11},"end":{"line":94,"column":null}}]},"3":{"loc":{"start":{"line":73,"column":30},"end":{"line":75,"column":43}},"type":"binary-expr","locations":[{"start":{"line":73,"column":30},"end":{"line":74,"column":83}},{"start":{"line":75,"column":41},"end":{"line":75,"column":43}}]},"4":{"loc":{"start":{"line":77,"column":61},"end":{"line":77,"column":null}},"type":"binary-expr","locations":[{"start":{"line":77,"column":61},"end":{"line":77,"column":73}},{"start":{"line":77,"column":73},"end":{"line":77,"column":null}}]},"5":{"loc":{"start":{"line":79,"column":8},"end":{"line":90,"column":null}},"type":"if","locations":[{"start":{"line":79,"column":8},"end":{"line":90,"column":null}}]},"6":{"loc":{"start":{"line":91,"column":81},"end":{"line":91,"column":116}},"type":"binary-expr","locations":[{"start":{"line":91,"column":81},"end":{"line":91,"column":109}},{"start":{"line":91,"column":109},"end":{"line":91,"column":116}}]}},"s":{"0":0,"1":0,"2":0,"3":0,"4":0,"5":0,"6":0,"7":0,"8":0,"9":0,"10":0,"11":0,"12":0,"13":0,"14":0,"15":0,"16":0,"17":0,"18":0,"19":0,"20":0,"21":0,"22":0,"23":0,"24":0,"25":0,"26":0,"27":0},"f":{"0":0,"1":0,"2":0,"3":0,"4":0,"5":0},"b":{"0":[0,0,0],"1":[0],"2":[0,0],"3":[0,0],"4":[0,0],"5":[0],"6":[0,0]}}
}
