TN:
SF:app\api\judge\route.ts
FN:14,isApprovedDomain
FN:33,callGenerativeAIWithRetry
FN:90,(anonymous_3)
FN:91,(anonymous_4)
FN:92,(anonymous_5)
FN:158,POST
FN:196,(anonymous_7)
FN:250,(anonymous_8)
FN:256,(anonymous_9)
FNF:9
FNH:0
FNDA:0,isApprovedDomain
FNDA:0,callGenerativeAIWithRetry
FNDA:0,(anonymous_3)
FNDA:0,(anonymous_4)
FNDA:0,(anonymous_5)
FNDA:0,POST
FNDA:0,(anonymous_7)
FNDA:0,(anonymous_8)
FNDA:0,(anonymous_9)
DA:1,0
DA:2,0
DA:3,0
DA:4,0
DA:5,0
DA:6,0
DA:7,0
DA:8,0
DA:9,0
DA:15,0
DA:19,0
DA:38,0
DA:39,0
DA:41,0
DA:42,0
DA:43,0
DA:44,0
DA:45,0
DA:47,0
DA:48,0
DA:49,0
DA:50,0
DA:51,0
DA:54,0
DA:55,0
DA:59,0
DA:60,0
DA:62,0
DA:63,0
DA:64,0
DA:65,0
DA:66,0
DA:70,0
DA:72,0
DA:73,0
DA:74,0
DA:75,0
DA:83,0
DA:84,0
DA:88,0
DA:89,0
DA:90,0
DA:91,0
DA:92,0
DA:94,0
DA:95,0
DA:96,0
DA:101,0
DA:102,0
DA:103,0
DA:104,0
DA:106,0
DA:107,0
DA:110,0
DA:112,0
DA:117,0
DA:118,0
DA:121,0
DA:122,0
DA:123,0
DA:124,0
DA:126,0
DA:127,0
DA:128,0
DA:129,0
DA:130,0
DA:131,0
DA:132,0
DA:133,0
DA:134,0
DA:135,0
DA:137,0
DA:138,0
DA:142,0
DA:143,0
DA:146,0
DA:147,0
DA:151,0
DA:152,0
DA:153,0
DA:158,0
DA:161,0
DA:162,0
DA:164,0
DA:165,0
DA:168,0
DA:171,0
DA:172,0
DA:173,0
DA:175,0
DA:176,0
DA:177,0
DA:182,0
DA:190,0
DA:191,0
DA:192,0
DA:193,0
DA:195,0
DA:196,0
DA:197,0
DA:198,0
DA:201,0
DA:203,0
DA:205,0
DA:206,0
DA:208,0
DA:209,0
DA:211,0
DA:214,0
DA:216,0
DA:220,0
DA:226,0
DA:232,0
DA:236,0
DA:237,0
DA:238,0
DA:239,0
DA:241,0
DA:242,0
DA:249,0
DA:250,0
DA:253,0
DA:254,0
DA:255,0
DA:256,0
DA:257,0
DA:259,0
DA:262,0
DA:303,0
DA:306,0
DA:307,0
DA:309,0
LF:132
LH:0
BRDA:47,0,0,0
BRDA:47,1,0,0
BRDA:47,1,1,0
BRDA:72,2,0,0
BRDA:89,3,0,0
BRDA:89,3,1,0
BRDA:91,4,0,0
BRDA:91,4,1,0
BRDA:92,5,0,0
BRDA:92,5,1,0
BRDA:94,6,0,0
BRDA:101,7,0,0
BRDA:101,7,1,0
BRDA:107,8,0,0
BRDA:107,8,1,0
BRDA:110,9,0,0
BRDA:110,9,1,0
BRDA:126,10,0,0
BRDA:126,10,1,0
BRDA:129,11,0,0
BRDA:130,12,0,0
BRDA:130,12,1,0
BRDA:133,13,0,0
BRDA:133,13,1,0
BRDA:133,14,0,0
BRDA:133,14,1,0
BRDA:142,15,0,0
BRDA:142,16,0,0
BRDA:142,16,1,0
BRDA:152,17,0,0
BRDA:152,17,1,0
BRDA:171,18,0,0
BRDA:171,19,0,0
BRDA:171,19,1,0
BRDA:171,19,2,0
BRDA:175,20,0,0
BRDA:175,21,0,0
BRDA:175,21,1,0
BRDA:175,21,2,0
BRDA:196,22,0,0
BRDA:205,23,0,0
BRDA:205,23,1,0
BRDA:214,24,0,0
BRDA:254,25,0,0
BRDA:306,26,0,0
BRDA:306,26,1,0
BRF:46
BRH:0
end_of_record
TN:
SF:lib\approvedSources.ts
FNF:0
FNH:0
DA:1,0
LF:1
LH:0
BRF:0
BRH:0
end_of_record
TN:
SF:lib\geminiClient.ts
FN:60,getGemini
FN:70,(anonymous_2)
FNF:2
FNH:0
FNDA:0,getGemini
FNDA:0,(anonymous_2)
DA:9,0
DA:10,0
DA:12,0
DA:13,0
DA:14,0
DA:15,0
DA:18,0
DA:19,0
DA:20,0
DA:22,0
DA:23,0
DA:25,0
DA:29,0
DA:31,0
DA:35,0
DA:60,0
DA:65,0
DA:66,0
DA:70,0
DA:71,0
DA:73,0
DA:77,0
DA:81,0
DA:82,0
DA:83,0
DA:84,0
DA:85,0
DA:86,0
DA:87,0
DA:90,0
DA:96,0
DA:97,0
DA:98,0
DA:99,0
DA:101,0
DA:103,0
DA:106,0
DA:110,0
DA:115,0
DA:116,0
DA:119,0
DA:125,0
DA:130,0
DA:131,0
DA:137,0
DA:139,0
DA:140,0
DA:142,0
DA:143,0
DA:145,0
DA:146,0
DA:147,0
DA:148,0
DA:150,0
DA:155,0
DA:156,0
DA:158,0
DA:159,0
DA:163,0
DA:164,0
DA:168,0
DA:169,0
LF:62
LH:0
BRDA:22,0,0,0
BRDA:22,0,1,0
BRDA:22,1,0,0
BRDA:22,1,1,0
BRDA:61,2,0,0
BRDA:65,3,0,0
BRDA:82,4,0,0
BRDA:85,5,0,0
BRDA:96,6,0,0
BRDA:97,7,0,0
BRDA:97,7,1,0
BRDA:137,8,0,0
BRDA:137,8,1,0
BRDA:139,9,0,0
BRDA:139,9,1,0
BRDA:142,10,0,0
BRDA:142,10,1,0
BRDA:145,11,0,0
BRF:18
BRH:0
end_of_record
TN:
SF:lib\retrieveSnippets.ts
FN:33,stripHtml
FN:43,extractFirstParagraph
FN:55,truncateWords
FN:71,retrieveSnippets
FNF:4
FNH:0
FNDA:0,stripHtml
FNDA:0,extractFirstParagraph
FNDA:0,truncateWords
FNDA:0,retrieveSnippets
DA:1,0
DA:2,0
DA:8,0
DA:9,0
DA:10,0
DA:12,0
DA:13,0
DA:15,0
DA:19,0
DA:21,0
DA:24,0
DA:34,0
DA:35,0
DA:44,0
DA:45,0
DA:46,0
DA:56,0
DA:57,0
DA:58,0
DA:59,0
DA:61,0
DA:71,0
DA:72,0
DA:73,0
DA:74,0
DA:77,0
DA:78,0
DA:79,0
DA:81,0
DA:82,0
DA:83,0
DA:85,0
DA:87,0
DA:88,0
DA:89,0
DA:90,0
DA:91,0
DA:94,0
DA:97,0
DA:101,0
DA:102,0
DA:103,0
DA:106,0
DA:109,0
DA:110,0
DA:111,0
DA:112,0
DA:115,0
DA:116,0
DA:118,0
DA:119,0
DA:121,0
DA:122,0
DA:124,0
DA:128,0
DA:130,0
DA:131,0
DA:136,0
DA:137,0
LF:59
LH:0
BRDA:12,0,0,0
BRDA:12,0,1,0
BRDA:12,1,0,0
BRDA:12,1,1,0
BRDA:34,2,0,0
BRDA:44,3,0,0
BRDA:46,4,0,0
BRDA:46,4,1,0
BRDA:56,5,0,0
BRDA:58,6,0,0
BRDA:72,7,0,0
BRDA:88,8,0,0
BRDA:101,9,0,0
BRDA:110,10,0,0
BRDA:118,11,0,0
BRDA:118,11,1,0
BRDA:128,12,0,0
BRDA:128,12,1,0
BRDA:130,13,0,0
BRDA:130,14,0,0
BRDA:130,14,1,0
BRDA:130,14,2,0
BRF:22
BRH:0
end_of_record
TN:
SF:lib\validateJudge.ts
FN:31,(anonymous_1)
FN:33,(anonymous_2)
FNF:2
FNH:0
FNDA:0,(anonymous_1)
FNDA:0,(anonymous_2)
DA:1,0
DA:4,0
DA:21,0
DA:33,0
DA:34,0
LF:5
LH:0
BRDA:34,0,0,0
BRDA:34,0,1,0
BRDA:34,0,2,0
BRF:3
BRH:0
end_of_record
